"D:/Unreal Projects/asteroid_FLY/Content/asteroids_game__e9884af3-4430-4dc0-b0db-4553e1767535.uasset" 0
"D:/Unreal Projects/asteroid_FLY/Content/Assets/StaticMashes/Bullets/Material_001.uasset" 1
"D:/Unreal Projects/asteroid_FLY/Content/Assets/StaticMashes/Bullets/Bullet_Cylinder.uasset" 2
"D:/Unreal Projects/asteroid_FLY/Content/Assets/StaticMashes/Bullets/Material_002.uasset" 3
"D:/Unreal Projects/asteroid_FLY/Content/Assets/StaticMashes/Bullets/Bullet_Cylinder_001.uasset" 4
"D:/Unreal Projects/asteroid_FLY/Content/Assets/StaticMashes/Stone/Texture_Asteroid.uasset" 5
"D:/Unreal Projects/asteroid_FLY/Content/Assets/StaticMashes/Stone/Asteroid.uasset" 6
"D:/Unreal Projects/asteroid_FLY/Content/Assets/StaticMashes/Stone/asteroids_Sphere_005.uasset" 7
"D:/Unreal Projects/asteroid_FLY/Content/Assets/StaticMashes/Stone/asteroids_Sphere_006.uasset" 8
"D:/Unreal Projects/asteroid_FLY/Content/Assets/StaticMashes/Stone/asteroids_Sphere_007.uasset" 9
"D:/Unreal Projects/asteroid_FLY/Content/Assets/StaticMashes/Stone/asteroids_Sphere_008.uasset" 10
"D:/Unreal Projects/asteroid_FLY/Content/Assets/StaticMashes/Stone/asteroids_Sphere_009.uasset" 11
"D:/Unreal Projects/asteroid_FLY/Content/Assets/StaticMashes/Stone/asteroids_Sphere_011.uasset" 12
"D:/Unreal Projects/asteroid_FLY/Content/Assets/StaticMashes/Stone2/asteroid_01.uasset" 13
"D:/Unreal Projects/asteroid_FLY/Content/Assets/StaticMashes/Stone2/asteroid_001.uasset" 14
"D:/Unreal Projects/asteroid_FLY/Content/Assets/StaticMashes/Stone2/stone1.uasset" 15
"D:/Unreal Projects/asteroid_FLY/Content/Assets/StaticMashes/Stone2/stone2.uasset" 16
"D:/Unreal Projects/asteroid_FLY/Content/Assets/StaticMashes/Stone2/stone5.uasset" 17
"../../../Engine/Content/EngineMaterials/T_Default_Material_Grid_N.uasset" 18
"../../../Engine/Content/EngineMaterials/T_Default_Material_Grid_M.uasset" 19
"../../../Engine/Content/Functions/Engine_MaterialFunctions01/Opacity/CameraDepthFade.uasset" 20
"../../../Engine/Content/EngineMaterials/WorldGridMaterial.uasset" 21
"../../../Engine/Content/ArtTools/RenderToTexture/Meshes/S_1_Unit_Plane.uasset" 22
"../../../Engine/Content/EngineMaterials/DefaultMaterial.uasset" 23
"../../../Engine/Content/BasicShapes/Cone.uasset" 24
"../../../Engine/Content/BasicShapes/Plane.uasset" 25
"../../../Engine/Content/EditorLandscapeResources/DataLayer.uasset" 26
"../../../Engine/Content/EditorLandscapeResources/DefaultAlphaTexture.uasset" 27
"../../../Engine/Content/EditorMaterials/MAT_Groups_Toggle.uasset" 28
"../../../Engine/Content/EditorMaterials/MAT_Groups_Visibility.uasset" 29
"../../../Engine/Content/EditorMaterials/PreviewShadowIndicator.uasset" 30
"../../../Engine/Content/EditorMaterials/PreviewShadowIndicatorMaterial.uasset" 31
"../../../Engine/Content/EditorMaterials/MatineeGroups/MAT_ColorTrack.uasset" 32
"../../../Engine/Content/EditorMaterials/MatineeGroups/MAT_Groups_Anim.uasset" 33
"../../../Engine/Content/EditorMaterials/MatineeGroups/MAT_Groups_AudioMaster.uasset" 34
"../../../Engine/Content/EditorMaterials/MatineeGroups/MAT_Groups_Director.uasset" 35
"../../../Engine/Content/EditorMaterials/MatineeGroups/MAT_Groups_Event.uasset" 36
"../../../Engine/Content/EditorMaterials/MatineeGroups/MAT_Groups_Fade.uasset" 37
"../../../Engine/Content/EditorMaterials/MatineeGroups/MAT_Groups_Float.uasset" 38
"../../../Engine/Content/EditorMaterials/MatineeGroups/MAT_Groups_Move.uasset" 39
"../../../Engine/Content/EditorMaterials/MatineeGroups/MAT_Groups_Slomo.uasset" 40
"../../../Engine/Content/EditorMaterials/MatineeGroups/MAT_Groups_Sound.uasset" 41
"../../../Engine/Content/EditorMaterials/MatineeGroups/MAT_Groups_Vector.uasset" 42
"../../../Engine/Content/EditorMaterials/ParticleSystems/PSysThumbnail_NoImage.uasset" 43
"../../../Engine/Content/EditorMaterials/ParticleSystems/PSysThumbnail_OOD.uasset" 44
"../../../Engine/Content/EditorMaterials/Camera/CineMat.uasset" 45
"../../../Engine/Content/EditorMaterials/Camera/MI_CineMat_Rig.uasset" 46
"../../../Engine/Content/EditorMeshes/Camera/SM_CraneRig_Arm.uasset" 47
"../../../Engine/Content/EditorMeshes/Camera/SM_CraneRig_Base.uasset" 48
"../../../Engine/Content/EditorMeshes/Camera/SM_CraneRig_Body.uasset" 49
"../../../Engine/Content/EditorMeshes/Camera/SM_CraneRig_Mount.uasset" 50
"../../../Engine/Content/EditorMeshes/Camera/SM_RailRig_Mount.uasset" 51
"../../../Engine/Content/EditorMeshes/Camera/SM_RailRig_Track.uasset" 52
"../../../Engine/Content/EditorResources/BSPVertex.uasset" 53
"../../../Engine/Content/EditorResources/EmptyActor.uasset" 54
"../../../Engine/Content/EditorResources/S_Actor.uasset" 55
"../../../Engine/Content/EditorResources/S_Note.uasset" 56
"../../../Engine/Content/EditorResources/S_Solver.uasset" 57
"../../../Engine/Content/EditorResources/S_Terrain.uasset" 58
"../../../Engine/Content/EditorResources/S_Trigger.uasset" 59
"../../../Engine/Content/EditorResources/AudioIcons/S_AudioComponent_AutoActivate.uasset" 60
"../../../Engine/Content/EditorResources/LightIcons/S_LightError.uasset" 61
"../../../Engine/Content/EditorResources/SequenceRecorder/Countdown.uasset" 62
"../../../Engine/Content/EditorResources/SequenceRecorder/RecordingIndicator.uasset" 63
"../../../Engine/Content/EngineDamageTypes/DmgTypeBP_Environmental.uasset" 64
"../../../Engine/Content/EngineDebugMaterials/DebugEditorMaterial.uasset" 65
"../../../Engine/Content/EngineDebugMaterials/DebugMeshMaterial.uasset" 66
"../../../Engine/Content/EngineDebugMaterials/M_SimpleUnlitTranslucent.uasset" 67
"../../../Engine/Content/EngineDebugMaterials/VolumeToRender.uasset" 68
"../../../Engine/Content/Functions/Engine_MaterialFunctions02/Utility/CameraDirectionVector.uasset" 69
"../../../Engine/Content/EngineDebugMaterials/M_VolumeRenderSphereTracePP.uasset" 70
"../../../Engine/Content/Functions/Engine_MaterialFunctions01/Shading/ConvertFromDiffSpec.uasset" 71
"../../../Engine/Content/EngineDebugMaterials/VertexColorMaterial.uasset" 72
"../../../Engine/Content/EngineDebugMaterials/WireframeMaterial.uasset" 73
"../../../Engine/Content/EngineFonts/Faces/RobotoRegular.uasset" 74
"../../../Engine/Content/EngineFonts/Faces/RobotoLight.uasset" 75
"../../../Engine/Content/EngineFonts/Faces/RobotoItalic.uasset" 76
"../../../Engine/Content/EngineFonts/Faces/RobotoBoldItalic.uasset" 77
"../../../Engine/Content/EngineFonts/Faces/RobotoBold.uasset" 78
"../../../Engine/Content/EngineFonts/Faces/DroidSansFallback.uasset" 79
"../../../Engine/Content/EngineFonts/Roboto.uasset" 80
"../../../Engine/Content/EngineMaterials/BaseFlattenNormalMap.uasset" 81
"../../../Engine/Content/EngineMaterials/BaseFlattenGrayscaleMap.uasset" 82
"../../../Engine/Content/EngineMaterials/BaseFlattenEmissiveMap.uasset" 83
"../../../Engine/Content/EngineMaterials/BaseFlattenDiffuseMap.uasset" 84
"../../../Engine/Content/EngineMaterials/BaseFlattenMaterial.uasset" 85
"../../../Engine/Content/EngineMaterials/BlueNoise.uasset" 86
"../../../Engine/Content/EngineMaterials/DefaultBloomKernel.uasset" 87
"../../../Engine/Content/EngineMaterials/DefaultBokeh.uasset" 88
"../../../Engine/Content/EngineMaterials/DefaultDiffuse.uasset" 89
"../../../Engine/Content/EngineMaterials/DefaultDeferredDecalMaterial.uasset" 90
"../../../Engine/Content/EngineMaterials/DefaultLightFunctionMaterial.uasset" 91
"../../../Engine/Content/EngineMaterials/DefaultPhysicalMaterial.uasset" 92
"../../../Engine/Content/Functions/Engine_MaterialFunctions02/Utility/BreakOutFloat2Components.uasset" 93
"../../../Engine/Content/EngineMaterials/DefaultPostProcessMaterial.uasset" 94
"../../../Engine/Content/EngineFonts/RobotoDistanceField.uasset" 95
"../../../Engine/Content/EngineMaterials/DefaultTextMaterialOpaque.uasset" 96
"../../../Engine/Content/EngineMaterials/DefaultWhiteGrid.uasset" 97
"../../../Engine/Content/EngineMaterials/DefaultWhiteGrid_Low.uasset" 98
"../../../Engine/Content/EngineMaterials/EmissiveMeshMaterial.uasset" 99
"../../../Engine/Content/EngineMaterials/GizmoMaterial.uasset" 100
"../../../Engine/Content/EngineMaterials/Good64x64TilingNoiseHighFreq.uasset" 101
"../../../Engine/Content/EngineMaterials/MiniFont.uasset" 102
"../../../Engine/Content/EngineMaterials/InvalidLightmapSettings.uasset" 103
"../../../Engine/Content/EngineMaterials/M_InvalidLightmapSettings.uasset" 104
"../../../Engine/Content/Functions/Engine_MaterialFunctions02/WorldPositionOffset/CameraOffset.uasset" 105
"../../../Engine/Content/EngineMaterials/PhAT_JointLimitMaterial.uasset" 106
"../../../Engine/Content/EngineMaterials/PreintegratedSkinBRDF.uasset" 107
"../../../Engine/Content/EngineMaterials/RemoveSurfaceMaterial.uasset" 108
"../../../Engine/Content/EngineMaterials/WeightMapPlaceholderTexture.uasset" 109
"../../../Engine/Content/EngineResources/WhiteSquareTexture.uasset" 110
"../../../Engine/Content/EngineMaterials/Widget3DPassThrough.uasset" 111
"../../../Engine/Content/EngineMaterials/Widget3DPassThrough_Masked.uasset" 112
"../../../Engine/Content/EngineMaterials/Widget3DPassThrough_Opaque.uasset" 113
"../../../Engine/Content/EngineMaterials/Widget3DPassThrough_Masked_OneSided.uasset" 114
"../../../Engine/Content/EngineMaterials/Widget3DPassThrough_Opaque_OneSided.uasset" 115
"../../../Engine/Content/EngineMaterials/Widget3DPassThrough_Translucent.uasset" 116
"../../../Engine/Content/EngineMaterials/Widget3DPassThrough_Translucent_OneSided.uasset" 117
"../../../Engine/Content/EngineMeshes/Cylinder.uasset" 118
"../../../Engine/Content/EngineMeshes/Sphere.uasset" 119
"../../../Engine/Content/EngineResources/Black.uasset" 120
"../../../Engine/Content/EngineResources/DefaultTextureCube.uasset" 121
"../../../Engine/Content/EngineResources/DefaultVolumeTexture2D.uasset" 122
"../../../Engine/Content/EngineResources/DefaultVolumeTexture.uasset" 123
"../../../Engine/Content/EngineResources/GradientTexture0.uasset" 124
"../../../Engine/Content/EngineSky/VolumetricClouds/T_NoiseShape64.uasset" 125
"../../../Engine/Content/EngineSky/VolumetricClouds/T_VolumeNoiseShape64.uasset" 126
"../../../Engine/Content/EngineSky/VolumetricClouds/T_NoiseErosion.uasset" 127
"../../../Engine/Content/EngineSky/VolumetricClouds/T_VolumeNoiseErosion32.uasset" 128
"../../../Engine/Content/EngineSky/VolumetricClouds/CloudWeatherTexture.uasset" 129
"../../../Engine/Content/EngineSky/VolumetricClouds/CloudGradientTexture.uasset" 130
"../../../Engine/Content/Functions/Engine_MaterialFunctions02/Utility/MakeFloat2.uasset" 131
"../../../Engine/Content/EngineSky/VolumetricClouds/m_SimpleVolumetricCloud.uasset" 132
"../../../Engine/Content/EngineSky/VolumetricClouds/m_SimpleVolumetricCloud_Inst.uasset" 133
"../../../Engine/Content/EngineSounds/Master.uasset" 134
"../../../Engine/Content/Functions/Engine_MaterialFunctions01/Shading/PowerToRoughness.uasset" 135
"../../../Engine/Content/Maps/Templates/Thumbnails/Default.uasset" 136
"../../../Engine/Content/Maps/Templates/Thumbnails/TimeOfDay.uasset" 137
"../../../Engine/Content/Maps/Templates/Thumbnails/VR-Basic.uasset" 138
"../../../Engine/Content/MobileResources/T_MobileControls_texture.uasset" 139
"../../../Engine/Content/MobileResources/T_MobileMenu2.uasset" 140
"../../../Engine/Content/MobileResources/HUD/AnalogHat.uasset" 141
"../../../Engine/Content/MobileResources/HUD/VirtualJoystick_Thumb.uasset" 142
"../../../Engine/Content/MobileResources/HUD/VirtualJoystick_Background.uasset" 143
"../../../Engine/Content/MobileResources/HUD/DefaultVirtualJoysticks.uasset" 144
"../../../Engine/Content/MobileResources/HUD/LeftVirtualJoystickOnly.uasset" 145
"../../../Engine/Content/MobileResources/HUD/MobileHUDButton1_off.uasset" 146
"../../../Engine/Content/MobileResources/HUD/MobileHUDButton1_on.uasset" 147
"../../../Engine/Content/MobileResources/HUD/MobileHUDButton2_off.uasset" 148
"../../../Engine/Content/MobileResources/HUD/MobileHUDButton2_on.uasset" 149
"../../../Engine/Content/MobileResources/HUD/MobileHUDButton3.uasset" 150
"../../../Engine/Content/MobileResources/HUD/MobileHUDButtonFire.uasset" 151
"../../../Engine/Content/MobileResources/HUD/MobileHUDDirectionPad.uasset" 152
"../../../Engine/Content/MobileResources/HUD/MobileHUDDirectionPad2.uasset" 153
"../../../Engine/Content/MobileResources/HUD/MobileHUDDirectionPad3.uasset" 154
"../../../Engine/Content/MobileResources/HUD/MobileHUDDirectionStick.uasset" 155
"../../../Engine/Content/MobileResources/HUD/T_Castle_ThumbstickInner.uasset" 156
"../../../Engine/Content/MobileResources/HUD/T_Castle_ThumbstickOutter.uasset" 157
"../../../Engine/Content/Tutorial/ContentIntroCurve.uasset" 158
"../../../Engine/Content/Tutorial/Basics/LevelEditorAttract.uasset" 159
"../../../Engine/Content/Tutorial/Basics/TutorialAssets/icon_tab_Levels_40x.uasset" 160
"../../../Engine/Content/Tutorial/Basics/LevelEditorOverview.uasset" 161
"../../../Engine/Content/Tutorial/Installation/InstallingVisualStudioTutorial.uasset" 162
"../../../Engine/Content/Tutorial/Landscape/TutorialAssets/Landscape.uasset" 163
"../../../Engine/Content/Tutorial/Landscape/LandscapeWalkThrough.uasset" 164
"../../../Engine/Content/Tutorial/Landscape/Landscape_Manage_Mode.uasset" 165
"../../../Engine/Content/EditorBlueprintResources/StandardMacros.uasset" 166
"../../../Engine/Content/Tutorial/Landscape/Landscape_Painting_Mode.uasset" 167
"../../../Engine/Content/Tutorial/Landscape/Landscape_Sculpt_Mode.uasset" 168
"../../../Engine/Content/VREditor/TransformGizmo/TranslucentTransformGizmoMaterial.uasset" 169
"../../../Engine/Content/VREditor/LaserPointer/VR_LaserPower_01.uasset" 170
"../../../Engine/Content/VREditor/TransformGizmo/TransformGizmoMaterial.uasset" 171
"../../../Engine/Content/VREditor/TransformGizmo/BoundingBoxCorner.uasset" 172
"../../../Engine/Content/VREditor/TransformGizmo/BoundingBoxEdge.uasset" 173
"../../../Engine/Content/VREditor/TransformGizmo/PlaneTranslationHandle.uasset" 174
"../../../Engine/Content/VREditor/TransformGizmo/Main.uasset" 175
"../../../Engine/Content/VREditor/TransformGizmo/Xray.uasset" 176
"../../../Engine/Content/VREditor/TransformGizmo/SM_Sequencer_Key.uasset" 177
"../../../Engine/Content/VREditor/TransformGizmo/SM_Sequencer_Node.uasset" 178
"../../Plugins/2D/Paper2D/Content/PlaceholderTextures/DummySpriteTexture.uasset" 179
"../../Plugins/2D/Paper2D/Content/DummySprite.uasset" 180
"../../Plugins/2D/Paper2D/Content/DefaultPaperTerrainMaterial.uasset" 181
"../../Plugins/2D/Paper2D/Content/DefaultSpriteMaterial.uasset" 182
"../../Plugins/2D/Paper2D/Content/MaskedUnlitSpriteMaterial.uasset" 183
"../../Plugins/2D/Paper2D/Content/OpaqueUnlitSpriteMaterial.uasset" 184
"../../../Engine/Content/Functions/Engine_MaterialFunctions02/Utility/BreakOutFloat3Components.uasset" 185
"../../Plugins/Editor/SpeedTreeImporter/Content/SpeedTree9/UnpackInteger3.uasset" 186
"../../Plugins/Editor/SpeedTreeImporter/Content/SpeedTree9/UnpackDirection.uasset" 187
"../../Plugins/Editor/SpeedTreeImporter/Content/SpeedTree9/game_wind_noise.uasset" 188
"../../../Engine/Content/Functions/Engine_MaterialFunctions02/SafeNormalize.uasset" 189
"../../Plugins/Editor/SpeedTreeImporter/Content/SpeedTree9/SpeedTreeWindMotion.uasset" 190
"../../Plugins/Editor/SpeedTreeImporter/Content/SpeedTree9/SpeedTreeBranchMotion.uasset" 191
"../../../Engine/Content/Functions/Engine_MaterialFunctions02/ObjectLocalBounds.uasset" 192
"../../../Engine/Content/Functions/Engine_MaterialFunctions02/UVs/BoundingBoxBased_0-1_UVW.uasset" 193
"../../Plugins/Editor/SpeedTreeImporter/Content/SpeedTree9/SpeedTreeWind.uasset" 194
"../../Plugins/Editor/SpeedTreeImporter/Content/SpeedTree9/SpeedTreeBillboard.uasset" 195
"../../../Engine/Content/EngineResources/DefaultTexture.uasset" 196
"../../Plugins/Editor/SpeedTreeImporter/Content/SpeedTree9/SpeedTreeBillboardMaster.uasset" 197
"../../Plugins/Editor/SpeedTreeImporter/Content/SpeedTree9/SpeedTreeCameraFacing.uasset" 198
"../../Plugins/Editor/SpeedTreeImporter/Content/SpeedTree9/SpeedTreeMaster.uasset" 199
"../../../Engine/Content/BasicShapes/Cylinder.uasset" 200
"../../../Engine/Content/ArtTools/RenderToTexture/Materials/Debug/M_Emissive_Color.uasset" 201
"../../Plugins/Lumin/MagicLeapPassableWorld/Content/MagicLeapARPinInfoActor.uasset" 202
"../../../Engine/Content/Functions/Engine_MaterialFunctions02/Utility/BreakOutFloat4Components.uasset" 203
"../../../Engine/Content/Functions/Engine_MaterialFunctions02/Utility/MakeFloat3.uasset" 204
"../../Plugins/Runtime/Oculus/OculusVR/Content/Materials/OculusMR_ChromaKey.uasset" 205
"../../Plugins/Runtime/Oculus/OculusVR/Content/Materials/OculusMR_OpaqueColoredMaterial.uasset" 206
"../../Plugins/Runtime/Oculus/OculusVR/Content/Materials/PokeAHoleMaterial.uasset" 207
"D:/Unreal Projects/asteroid_FLY/Content/wallpaperflare_com_wallpaper.uasset" 208
"D:/Unreal Projects/asteroid_FLY/Content/MainManu_WB.uasset" 209
"D:/Unreal Projects/asteroid_FLY/Content/Assets/StaticMashes/Sound/bg.uasset" 210
"D:/Unreal Projects/asteroid_FLY/Content/MainManu_Level_BuiltData.uasset" 211
"D:/Unreal Projects/asteroid_FLY/Content/MainManu_Level.umap" 212
"../../../Engine/Content/BasicShapes/Cube.uasset" 213
"D:/Unreal Projects/asteroid_FLY/Content/resetPos.uasset" 214
"D:/Unreal Projects/asteroid_FLY/Content/My_Level_BuiltData.uasset" 215
"D:/Unreal Projects/asteroid_FLY/Content/Assets/StaticMashes/spaceShip/9qRotMWZ.uasset" 216
"D:/Unreal Projects/asteroid_FLY/Content/Assets/StaticMashes/spaceShip/Material_001.uasset" 217
"D:/Unreal Projects/asteroid_FLY/Content/Assets/StaticMashes/spaceShip/spaceship.uasset" 218
"D:/Unreal Projects/asteroid_FLY/Content/Assets/StaticMashes/Sound/tone.uasset" 219
"D:/Unreal Projects/asteroid_FLY/Content/Assets/StaticMashes/Sound/laserShoot.uasset" 220
"D:/Unreal Projects/asteroid_FLY/Content/Assets/StaticMashes/Sound/explo.uasset" 221
"D:/Unreal Projects/asteroid_FLY/Content/Assets/StaticMashes/Stone2/stone3.uasset" 222
"D:/Unreal Projects/asteroid_FLY/Content/Assets/StaticMashes/Sound/explosion.uasset" 223
"D:/Unreal Projects/asteroid_FLY/Content/astroidBase_3_O_BP_Child.uasset" 224
"D:/Unreal Projects/asteroid_FLY/Content/astroidBase_BP_2_O_Child.uasset" 225
"D:/Unreal Projects/asteroid_FLY/Content/Assets/StaticMashes/Stone2/stone4.uasset" 226
"D:/Unreal Projects/asteroid_FLY/Content/astroidBase_BP.uasset" 227
"../../../Engine/Content/BasicShapes/Sphere.uasset" 228
"../../../Engine/Content/BasicShapes/BasicShapeMaterial.uasset" 229
"D:/Unreal Projects/asteroid_FLY/Content/Bullet_BP.uasset" 230
"D:/Unreal Projects/asteroid_FLY/Content/space_Ship_BP.uasset" 231
"D:/Unreal Projects/asteroid_FLY/Content/My_GB.uasset" 232
"D:/Unreal Projects/asteroid_FLY/Content/bg.uasset" 233
"D:/Unreal Projects/asteroid_FLY/Content/My_Level.umap" 234
"../../../Engine/Content/Maps/Entry_BuiltData.uasset" 235
"../../../Engine/Content/Maps/Entry.umap" 236
